0 info it worked if it ends with ok
1 verbose cli [ 'node', '/usr/local/bin/npm', 'install', '--save', 'smoke.js' ]
2 info using npm@3.1.0
3 info using node@v0.10.25
4 verbose node symlink /usr/bin/node
5 silly loadCurrentTree Starting
6 silly install loadCurrentTree
7 silly install readLocalPackageData
8 silly install normalizeTree
9 silly loadCurrentTree Finishing
10 silly loadIdealTree Starting
11 silly install loadIdealTree
12 silly cloneCurrentTree Starting
13 silly install cloneCurrentTreeToIdealTree
14 silly cloneCurrentTree Finishing
15 silly loadShrinkwrap Starting
16 silly install loadShrinkwrap
17 silly loadShrinkwrap Finishing
18 silly loadAllDepsIntoIdealTree Starting
19 silly install loadAllDepsIntoIdealTree
20 silly fetchPackageMetaData smoke.js
21 silly fetchNamedPackageData smoke.js
22 silly mapToRegistry name smoke.js
23 silly mapToRegistry using default registry
24 silly mapToRegistry registry https://registry.npmjs.org/
25 silly mapToRegistry uri https://registry.npmjs.org/smoke.js
26 verbose request uri https://registry.npmjs.org/smoke.js
27 verbose request no auth needed
28 info attempt registry request try #1 at 10:16:49
29 verbose request id 3a913f2369b0cb60
30 http request GET https://registry.npmjs.org/smoke.js
31 http 404 https://registry.npmjs.org/smoke.js
32 verbose headers { 'content-type': 'application/json',
32 verbose headers   'cache-control': 'max-age=0',
32 verbose headers   'content-length': '2',
32 verbose headers   'accept-ranges': 'bytes',
32 verbose headers   date: 'Fri, 21 Aug 2015 17:16:50 GMT',
32 verbose headers   via: '1.1 varnish',
32 verbose headers   age: '0',
32 verbose headers   connection: 'keep-alive',
32 verbose headers   'x-served-by': 'cache-sjc3131-SJC',
32 verbose headers   'x-cache': 'MISS',
32 verbose headers   'x-cache-hits': '0',
32 verbose headers   'x-timer': 'S1440177410.117186,VS0,VE166' }
33 silly get cb [ 404,
33 silly get   { 'content-type': 'application/json',
33 silly get     'cache-control': 'max-age=0',
33 silly get     'content-length': '2',
33 silly get     'accept-ranges': 'bytes',
33 silly get     date: 'Fri, 21 Aug 2015 17:16:50 GMT',
33 silly get     via: '1.1 varnish',
33 silly get     age: '0',
33 silly get     connection: 'keep-alive',
33 silly get     'x-served-by': 'cache-sjc3131-SJC',
33 silly get     'x-cache': 'MISS',
33 silly get     'x-cache-hits': '0',
33 silly get     'x-timer': 'S1440177410.117186,VS0,VE166' } ]
34 silly fetchPackageMetaData Error: Registry returned 404 for GET on https://registry.npmjs.org/smoke.js
34 silly fetchPackageMetaData     at CachingRegistryClient.<anonymous> (/usr/local/lib/node_modules/npm/node_modules/npm-registry-client/lib/request.js:239:14)
34 silly fetchPackageMetaData     at Request._callback (/usr/local/lib/node_modules/npm/node_modules/npm-registry-client/lib/request.js:170:14)
34 silly fetchPackageMetaData     at Request.self.callback (/usr/local/lib/node_modules/npm/node_modules/request/request.js:197:22)
34 silly fetchPackageMetaData     at Request.EventEmitter.emit (events.js:98:17)
34 silly fetchPackageMetaData     at Request.<anonymous> (/usr/local/lib/node_modules/npm/node_modules/request/request.js:1050:14)
34 silly fetchPackageMetaData     at Request.EventEmitter.emit (events.js:117:20)
34 silly fetchPackageMetaData     at IncomingMessage.<anonymous> (/usr/local/lib/node_modules/npm/node_modules/request/request.js:996:12)
34 silly fetchPackageMetaData     at IncomingMessage.EventEmitter.emit (events.js:117:20)
34 silly fetchPackageMetaData     at _stream_readable.js:920:16
34 silly fetchPackageMetaData     at process._tickCallback (node.js:415:13)
34 silly fetchPackageMetaData  error for smoke.js { [Error: Registry returned 404 for GET on https://registry.npmjs.org/smoke.js] pkgid: 'smoke.js', statusCode: 404, code: 'E404' }
35 silly rollbackFailedOptional Starting
36 silly rollbackFailedOptional Finishing
37 silly runTopLevelLifecycles Starting
38 silly runTopLevelLifecycles Finishing
39 silly install printInstalled
40 verbose stack Error: Registry returned 404 for GET on https://registry.npmjs.org/smoke.js
40 verbose stack     at CachingRegistryClient.<anonymous> (/usr/local/lib/node_modules/npm/node_modules/npm-registry-client/lib/request.js:239:14)
40 verbose stack     at Request._callback (/usr/local/lib/node_modules/npm/node_modules/npm-registry-client/lib/request.js:170:14)
40 verbose stack     at Request.self.callback (/usr/local/lib/node_modules/npm/node_modules/request/request.js:197:22)
40 verbose stack     at Request.EventEmitter.emit (events.js:98:17)
40 verbose stack     at Request.<anonymous> (/usr/local/lib/node_modules/npm/node_modules/request/request.js:1050:14)
40 verbose stack     at Request.EventEmitter.emit (events.js:117:20)
40 verbose stack     at IncomingMessage.<anonymous> (/usr/local/lib/node_modules/npm/node_modules/request/request.js:996:12)
40 verbose stack     at IncomingMessage.EventEmitter.emit (events.js:117:20)
40 verbose stack     at _stream_readable.js:920:16
40 verbose stack     at process._tickCallback (node.js:415:13)
41 verbose statusCode 404
42 verbose pkgid smoke.js
43 verbose cwd /home/matt/Sites/finalproject
44 error Linux 3.19.0-15-generic
45 error argv "node" "/usr/local/bin/npm" "install" "--save" "smoke.js"
46 error node v0.10.25
47 error npm  v3.1.0
48 error code E404
49 error 404 Registry returned 404 for GET on https://registry.npmjs.org/smoke.js
49 error 404
49 error 404 'smoke.js' is not in the npm registry.
49 error 404 You should bug the author to publish it (or use the name yourself!)
49 error 404 It was specified as a dependency of 'finalproject'
49 error 404
49 error 404 Note that you can also install from a
49 error 404 tarball, folder, http url, or git url.
50 verbose exit [ 1, true ]
